<?xml version="1.0" encoding="UTF-8"?>
<!-- Generated by org.testng.reporters.JUnitXMLReporter -->
<testsuite ignored="1" hostname="ChanduAcerLaptop" failures="0" tests="1" name="Default test(failed)" time="0.052" errors="0" timestamp="2020-09-11T01:10:10 EDT">
  <testcase classname="com.ecom.testcases.BaseClass" name="@BeforeClass setup" time="-1.599801010567E9">
    <failure type="org.testng.TestNGException" message="
Parameter &amp;apos;browser&amp;apos; is required by BeforeClass on method setup but has not been marked @Optional or defined
in C:\Users\klvpd\eclipse-workspace\EcomAutomation\test-output\testng-failed.xml">
      <![CDATA[org.testng.TestNGException: 
Parameter 'browser' is required by BeforeClass on method setup but has not been marked @Optional or defined
in C:\Users\klvpd\eclipse-workspace\EcomAutomation\test-output\testng-failed.xml
at java.base/java.util.ArrayList.forEach(ArrayList.java:1510)
... Removed 22 stack frames]]>
    </failure>
  </testcase> <!-- @BeforeClass setup -->
  <testcase classname="com.ecom.testcases.BaseClass" name="@AfterClass teardown" time="-1.599801010598E9">
    <skipped/>
  </testcase> <!-- @AfterClass teardown -->
  <testcase classname="com.ecom.testcases.TC_HomePageLinkValidation_004" name="linkValidate" time="0.0">
    <skipped/>
  </testcase> <!-- linkValidate -->
  <testcase classname="com.ecom.testcases.TC_HomePageLinkValidation_004" name="login" time="0.0">
    <ignored/>
  </testcase> <!-- login -->
</testsuite> <!-- Default test(failed) -->
